dump 10

ArduCopter V3.1-rc3.1
Free RAM: 1138
APM 2
FMT, 128, 89, FMT, BBnNZ, Type,Length,Name,Format
FMT, 129, 23, PARM, Nf, Name,Value
FMT, 130, 35, GPS, BIBcLLeeEe, Status,Time,NSats,HDop,Lat,Lng,RelAlt,Alt,Spd,GCrs
FMT, 131, 27, IMU, ffffff, GyrX,GyrY,GyrZ,AccX,AccY,AccZ
FMT, 132, 67, MSG, Z, Message
FMT, 9, 19, CURR, hIhhhf, Thr,ThrInt,Volt,Curr,Vcc,CurrTot
FMT, 11, 11, MOT, hhhh, Mot1,Mot2,Mot3,Mot4
FMT, 12, 28, OF, hhBccffee, Dx,Dy,SQual,X,Y,Lat,Lng,Roll,Pitch
FMT, 5, 49, NTUN, Ecffffffffee, WPDst,WPBrg,PErX,PErY,DVelX,DVelY,VelX,VelY,DAcX,DAcY,DRol,DPit
FMT, 4, 25, CTUN, hcefchhhh, ThrIn,SonAlt,BarAlt,WPAlt,DesSonAlt,AngBst,CRate,ThrOut,DCRate
FMT, 15, 21, MAG, hhhhhhhhh, MagX,MagY,MagZ,OfsX,OfsY,OfsZ,MOfsX,MOfsY,MOfsZ
FMT, 6, 17, PM, BBBHHIhB, RenCnt,RenBlw,FixCnt,NLon,NLoop,MaxT,PMT,I2CErr
FMT, 8, 20, CMD, BBBBBeLL, CTot,CNum,CId,COpt,Prm1,Alt,Lat,Lng
FMT, 1, 17, ATT, cccccCC, RollIn,Roll,PitchIn,Pitch,YawIn,Yaw,NavYaw
FMT, 17, 37, INAV, cccfffiiff, BAlt,IAlt,IClb,ACorrX,ACorrY,ACorrZ,GLat,GLng,ILat,ILng
FMT, 3, 6, MODE, Mh, Mode,ThrCrs
FMT, 10, 3, STRT, , 
FMT, 13, 4, EV, B, Id
FMT, 20, 6, D16, Bh, Id,Value
FMT, 21, 6, DU16, BH, Id,Value
FMT, 22, 8, D32, Bi, Id,Value
FMT, 23, 8, DU32, BI, Id,Value
FMT, 24, 8, DFLT, Bf, Id,Value
FMT, 14, 28, PID, Biiiiif, Id,Error,P,I,D,Out,Gain
FMT, 18, 25, CAM, ILLeccC, GPSTime,Lat,Lng,Alt,Roll,Pitch,Yaw
FMT, 19, 5, ERR, BB, Subsys,ECode
PARM, SYSID_SW_MREV, 120.0000
PARM, SYSID_SW_TYPE, 10.00000
PARM, SYSID_THISMAV, 1.000000
PARM, SYSID_MYGCS, 255.0000
PARM, SERIAL3_BAUD, 57.00000
PARM, TELEM_DELAY, 0.000000
PARM, RTL_ALT, 1500.000
PARM, SONAR_ENABLE, 0.000000
PARM, SONAR_TYPE, 3.000000
PARM, SONAR_GAIN, 2.000000
PARM, FS_BATT_ENABLE, 0.000000
PARM, FS_BATT_VOLTAGE, 10.00000
PARM, FS_BATT_MAH, 0.000000
PARM, FS_GPS_ENABLE, 1.000000
PARM, FS_GCS_ENABLE, 0.000000
PARM, GPS_HDOP_GOOD, 200.0000
PARM, MAG_ENABLE, 1.000000
PARM, FLOW_ENABLE, 0.000000
PARM, SUPER_SIMPLE, 0.000000
PARM, RTL_ALT_FINAL, 0.000000
PARM, RSSI_PIN, -1.000000
PARM, WP_YAW_BEHAVIOR, 2.000000
PARM, WP_TOTAL, 1.000000
PARM, WP_INDEX, 0.000000
PARM, CIRCLE_RADIUS, 5.000000
PARM, CIRCLE_RATE, 20.00000
PARM, RTL_LOIT_TIME, 5000.000
PARM, LAND_SPEED, 50.00000
PARM, PILOT_VELZ_MAX, 250.0000
PARM, THR_MIN, 130.0000
PARM, THR_MAX, 1000.000
PARM, FS_THR_ENABLE, 0.000000
PARM, FS_THR_VALUE, 1000.000
PARM, TRIM_THROTTLE, 668.0000
PARM, THR_MID, 500.0000
PARM, FLTMODE1, 0.000000
PARM, FLTMODE2, 0.000000
PARM, FLTMODE3, 2.000000
PARM, FLTMODE4, 7.000000
PARM, FLTMODE5, 5.000000
PARM, FLTMODE6, 6.000000
PARM, SIMPLE, 0.000000
PARM, LOG_BITMASK, 830.0000
PARM, TOY_RATE, 1.000000
PARM, ESC, 0.000000
PARM, TUNE, 0.000000
PARM, TUNE_LOW, 0.000000
PARM, TUNE_HIGH, 1000.000
PARM, FRAME, 1.000000
PARM, CH7_OPT, 3.000000
PARM, CH8_OPT, 0.000000
PARM, ARMING_CHECK, 1.000000
PARM, ANGLE_MAX, 4500.000
PARM, RC1_MIN, 1055.000
PARM, RC1_TRIM, 1472.000
PARM, RC1_MAX, 1892.000
PARM, RC1_REV, 1.000000
PARM, RC1_DZ, 30.00000
PARM, RC2_MIN, 1075.000
PARM, RC2_TRIM, 1476.000
PARM, RC2_MAX, 1890.000
PARM, RC2_REV, 1.000000
PARM, RC2_DZ, 30.00000
PARM, RC3_MIN, 1055.000
PARM, RC3_TRIM, 1058.000
PARM, RC3_MAX, 1895.000
PARM, RC3_REV, 1.000000
PARM, RC3_DZ, 30.00000
PARM, RC4_MIN, 1058.000
PARM, RC4_TRIM, 1480.000
PARM, RC4_MAX, 1895.000
PARM, RC4_REV, 1.000000
PARM, RC4_DZ, 40.00000
PARM, RC5_MIN, 1165.000
PARM, RC5_TRIM, 1167.000
PARM, RC5_MAX, 1803.000
PARM, RC5_REV, 1.000000
PARM, RC5_DZ, 0.000000
PARM, RC5_FUNCTION, 0.000000
PARM, RC6_MIN, 1057.000
PARM, RC6_TRIM, 1546.000
PARM, RC6_MAX, 1895.000
PARM, RC6_REV, 1.000000
PARM, RC6_DZ, 0.000000
PARM, RC6_FUNCTION, 0.000000
PARM, RC7_MIN, 1056.000
PARM, RC7_TRIM, 1058.000
PARM, RC7_MAX, 1895.000
PARM, RC7_REV, 1.000000
PARM, RC7_DZ, 0.000000
PARM, RC7_FUNCTION, 0.000000
PARM, RC8_MIN, 1495.000
PARM, RC8_TRIM, 1496.000
PARM, RC8_MAX, 1497.000
PARM, RC8_REV, 1.000000
PARM, RC8_DZ, 0.000000
PARM, RC8_FUNCTION, 0.000000
PARM, RC10_MIN, 1100.000
PARM, RC10_TRIM, 1500.000
PARM, RC10_MAX, 1900.000
PARM, RC10_REV, 1.000000
PARM, RC10_DZ, 0.000000
PARM, RC10_FUNCTION, 0.000000
PARM, RC11_MIN, 1100.000
PARM, RC11_TRIM, 1500.000
PARM, RC11_MAX, 1900.000
PARM, RC11_REV, 1.000000
PARM, RC11_DZ, 0.000000
PARM, RC11_FUNCTION, 0.000000
PARM, RC_SPEED, 490.0000
PARM, ACRO_RP_P, 4.500000
PARM, ACRO_YAW_P, 4.500000
PARM, ACRO_BAL_ROLL, 1.000000
PARM, ACRO_BAL_PITCH, 1.000000
PARM, ACRO_TRAINER, 2.000000
PARM, LED_MODE, 31.00000
PARM, RATE_RLL_P, 0.150000
PARM, RATE_RLL_I, 0.150000
PARM, RATE_RLL_D, 0.004000
PARM, RATE_RLL_IMAX, 500.0000
PARM, RATE_PIT_P, 0.150000
PARM, RATE_PIT_I, 0.150000
PARM, RATE_PIT_D, 0.004000
PARM, RATE_PIT_IMAX, 500.0000
PARM, RATE_YAW_P, 0.200000
PARM, RATE_YAW_I, 0.020000
PARM, RATE_YAW_D, 0.000000
PARM, RATE_YAW_IMAX, 800.0000
PARM, LOITER_LAT_P, 1.000000
PARM, LOITER_LAT_I, 0.500000
PARM, LOITER_LAT_D, 0.000000
PARM, LOITER_LAT_IMAX, 400.0000
PARM, LOITER_LON_P, 1.000000
PARM, LOITER_LON_I, 0.500000
PARM, LOITER_LON_D, 0.000000
PARM, LOITER_LON_IMAX, 400.0000
PARM, THR_RATE_P, 6.000000
PARM, THR_RATE_I, 0.000000
PARM, THR_RATE_D, 0.000000
PARM, THR_RATE_IMAX, 300.0000
PARM, THR_ACCEL_P, 0.750000
PARM, THR_ACCEL_I, 1.500000
PARM, THR_ACCEL_D, 0.000000
PARM, THR_ACCEL_IMAX, 500.0000
PARM, OF_RLL_P, 2.500000
PARM, OF_RLL_I, 0.500000
PARM, OF_RLL_D, 0.120000
PARM, OF_RLL_IMAX, 100.0000
PARM, OF_PIT_P, 2.500000
PARM, OF_PIT_I, 0.500000
PARM, OF_PIT_D, 0.120000
PARM, OF_PIT_IMAX, 100.0000
PARM, STB_RLL_P, 4.500000
PARM, STB_RLL_I, 0.000000
PARM, STB_RLL_IMAX, 0.000000
PARM, STB_PIT_P, 4.500000
PARM, STB_PIT_I, 0.000000
PARM, STB_PIT_IMAX, 0.000000
PARM, STB_YAW_P, 4.500000
PARM, STB_YAW_I, 0.000000
PARM, STB_YAW_IMAX, 0.000000
PARM, THR_ALT_P, 1.000000
PARM, THR_ALT_I, 0.000000
PARM, THR_ALT_IMAX, 300.0000
PARM, HLD_LAT_P, 1.000000
PARM, HLD_LAT_I, 0.000000
PARM, HLD_LAT_IMAX, 0.000000
PARM, HLD_LON_P, 1.000000
PARM, HLD_LON_I, 0.000000
PARM, HLD_LON_IMAX, 0.000000
PARM, CAM_TRIGG_TYPE, 0.000000
PARM, CAM_DURATION, 10.00000
PARM, CAM_SERVO_ON, 1300.000
PARM, CAM_SERVO_OFF, 1100.000
PARM, CAM_TRIGG_DIST, 0.000000
PARM, RELAY_PIN, 13.00000
PARM, COMPASS_OFS_X, -277.7856
PARM, COMPASS_OFS_Y, 77.27390
PARM, COMPASS_OFS_Z, -69.80834
PARM, COMPASS_DEC, 0.215125
PARM, COMPASS_LEARN, 0.000000
PARM, COMPASS_USE, 1.000000
PARM, COMPASS_AUTODEC, 1.000000
PARM, COMPASS_MOTCT, 2.000000
PARM, COMPASS_MOT_X, -0.726690
PARM, COMPASS_MOT_Y, 2.095301
PARM, COMPASS_MOT_Z, 0.026462
PARM, COMPASS_ORIENT, 0.000000
PARM, COMPASS_EXTERNAL, 0.000000
PARM, INS_PRODUCT_ID, 88.00000
PARM, INS_ACCSCAL_X, 0.995403
PARM, INS_ACCSCAL_Y, 0.993628
PARM, INS_ACCSCAL_Z, 0.984109
PARM, INS_ACCOFFS_X, 0.057026
PARM, INS_ACCOFFS_Y, 0.074172
PARM, INS_ACCOFFS_Z, 0.825796
PARM, INS_GYROFFS_X, -0.073753
PARM, INS_GYROFFS_Y, -0.051099
PARM, INS_GYROFFS_Z, -0.003538
PARM, INS_MPU6K_FILTER, 0.000000
PARM, INAV_TC_XY, 2.500000
PARM, INAV_TC_Z, 5.000000
PARM, WPNAV_SPEED, 500.0000
PARM, WPNAV_RADIUS, 200.0000
PARM, WPNAV_SPEED_UP, 250.0000
PARM, WPNAV_SPEED_DN, 150.0000
PARM, WPNAV_LOIT_SPEED, 500.0000
PARM, WPNAV_ACCEL, 100.0000
PARM, SR0_RAW_SENS, 0.000000
PARM, SR0_EXT_STAT, 0.000000
PARM, SR0_RC_CHAN, 0.000000
PARM, SR0_RAW_CTRL, 0.000000
PARM, SR0_POSITION, 0.000000
PARM, SR0_EXTRA1, 0.000000
PARM, SR0_EXTRA2, 0.000000
PARM, SR0_EXTRA3, 0.000000
PARM, SR0_PARAMS, 0.000000
PARM, SR3_RAW_SENS, 0.000000
PARM, SR3_EXT_STAT, 0.000000
PARM, SR3_RC_CHAN, 0.000000
PARM, SR3_RAW_CTRL, 0.000000
PARM, SR3_POSITION, 0.000000
PARM, SR3_EXTRA1, 0.000000
PARM, SR3_EXTRA2, 0.000000
PARM, SR3_EXTRA3, 0.000000
PARM, SR3_PARAMS, 0.000000
PARM, AHRS_GPS_GAIN, 1.000000
PARM, AHRS_GPS_USE, 1.000000
PARM, AHRS_YAW_P, 0.100000
PARM, AHRS_RP_P, 0.100000
PARM, AHRS_WIND_MAX, 0.000000
PARM, AHRS_TRIM_X, 0.013292
PARM, AHRS_TRIM_Y, 0.001615
PARM, AHRS_TRIM_Z, 0.000000
PARM, AHRS_ORIENTATION, 0.000000
PARM, AHRS_COMP_BETA, 0.100000
PARM, AHRS_GPS_MINSATS, 6.000000
PARM, MNT_MODE, 0.000000
PARM, MNT_RETRACT_X, 0.000000
PARM, MNT_RETRACT_Y, 0.000000
PARM, MNT_RETRACT_Z, 0.000000
PARM, MNT_NEUTRAL_X, 0.000000
PARM, MNT_NEUTRAL_Y, 0.000000
PARM, MNT_NEUTRAL_Z, 0.000000
PARM, MNT_CONTROL_X, 0.000000
PARM, MNT_CONTROL_Y, 0.000000
PARM, MNT_CONTROL_Z, 0.000000
PARM, MNT_STAB_ROLL, 0.000000
PARM, MNT_STAB_TILT, 0.000000
PARM, MNT_STAB_PAN, 0.000000
PARM, MNT_RC_IN_ROLL, 0.000000
PARM, MNT_ANGMIN_ROL, -4500.000
PARM, MNT_ANGMAX_ROL, 4500.000
PARM, MNT_RC_IN_TILT, 0.000000
PARM, MNT_ANGMIN_TIL, -4500.000
PARM, MNT_ANGMAX_TIL, 4500.000
PARM, MNT_RC_IN_PAN, 0.000000
PARM, MNT_ANGMIN_PAN, -4500.000
PARM, MNT_ANGMAX_PAN, 4500.000
PARM, MNT_JSTICK_SPD, 0.000000
PARM, BATT_MONITOR, 4.000000
PARM, BATT_VOLT_PIN, 13.00000
PARM, BATT_CURR_PIN, 12.00000
PARM, BATT_VOLT_MULT, 10.10000
PARM, BATT_AMP_PERVOLT, 17.00000
PARM, BATT_AMP_OFFSET, 0.000000
PARM, BATT_CAPACITY, 3300.000
PARM, GND_ABS_PRESS, 101120.0
PARM, GND_TEMP, 20.69823
PARM, GND_ALT_OFFSET, 0.000000
PARM, SCHED_DEBUG, 0.000000
PARM, FENCE_ENABLE, 0.000000
PARM, FENCE_TYPE, 3.000000
PARM, FENCE_ACTION, 1.000000
PARM, FENCE_ALT_MAX, 30.00000
PARM, FENCE_RADIUS, 50.00000
PARM, FENCE_MARGIN, 2.000000
PARM, GPSGLITCH_ENABLE, 1.000000
PARM, GPSGLITCH_RADIUS, 1000.000
PARM, GPSGLITCH_ACCEL, 1000.000
PARM, MOT_TCRV_ENABLE, 1.000000
PARM, MOT_TCRV_MIDPCT, 52.00000
PARM, MOT_TCRV_MAXPCT, 93.00000
PARM, MOT_SPIN_ARMED, 30.00000
PARM, RCMAP_ROLL, 1.000000
PARM, RCMAP_PITCH, 2.000000
PARM, RCMAP_THROTTLE, 3.000000
PARM, RCMAP_YAW, 4.000000
D32, 9, 33950
EV, 18
EV, 10
ERR, 7, 1
CTUN, 0, 0.00, 0.01, 0.000000, 0.00, 0, 17, 0, 0
ATT, 0.00, -0.86, 0.00, 0.26, 0.00, 339.52, 339.52
CTUN, 0, 0.00, -0.02, 0.000000, 0.00, 0, 16, 0, 0
ATT, 0.00, -0.86, 0.00, 0.27, 0.00, 339.52, 339.52
CTUN, 0, 0.00, -0.01, 0.000000, 0.00, 0, 14, 0, 0
ATT, 0.00, -0.86, 0.00, 0.27, 0.00, 339.53, 339.53
CTUN, 0, 0.00, -0.04, 0.000000, 0.00, 0, 13, 0, 0
ATT, 0.00, -0.86, 0.00, 0.27, 0.00, 339.54, 339.54
CTUN, 0, 0.00, 0.02, 0.000000, 0.00, 0, 11, 0, 0
ATT, 0.00, -0.86, 0.00, 0.27, 0.00, 339.55, 339.55
DU32, 7, 8792
CURR, 0, 0, 1227, 57, 4813, 0.080264
CTUN, 0, 0.00, 0.00, 0.000000, 0.00, 0, 10, 0, 0
ATT, 0.00, -0.86, 0.00, 0.28, 0.00, 339.57, 339.57
CTUN, 0, 0.00, -0.18, 0.000000, 0.00, 0, 9, 0, 0
ATT, 0.00, -0.87, 0.00, 0.27, 0.00, 339.58, 339.58
CTUN, 0, 0.00, -0.14, 0.000000, 0.00, 0, 8, 0, 0
ATT, 0.00, -0.86, 0.00, 0.28, 0.00, 339.59, 339.59
CTUN, 0, 0.00, -0.12, 0.000000, 0.00, 0, 6, 0, 0
ATT, 0.00, -0.87, 0.00, 0.27, 0.00, 339.60, 339.60
CTUN, 0, 0.00, -0.19, 0.000000, 0.00, 0, 5, 0, 0
ATT, 0.00, -0.87, 0.00, 0.28, 0.00, 339.61, 339.61
CTUN, 0, 0.00, -0.22, 0.000000, 0.00, 0, 4, 0, 0
ATT, 0.00, -0.87, 0.00, 0.27, 0.00, 339.63, 339.63
CTUN, 0, 0.00, -0.08, 0.000000, 0.00, 0, 3, 0, 0
ATT, 0.00, -0.88, 0.00, 0.27, 0.00, 339.64, 339.64
CTUN, 0, 0.00, -0.14, 0.000000, 0.00, 0, 2, 0, 0
ATT, 0.00, -0.87, 0.00, 0.27, 0.00, 339.66, 339.66
CTUN, 0, 0.00, -0.16, 0.000000, 0.00, 0, 1, 0, 0
ATT, 0.00, -0.87, 0.00, 0.28, 0.00, 339.67, 339.67
CTUN, 0, 0.00, -0.19, 0.000000, 0.00, 0, 0, 0, 0
ATT, 0.00, -0.87, 0.00, 0.28, 0.00, 339.68, 339.68
DU32, 7, 8792
CURR, 0, 0, 1226, 59, 4752, 0.243449
CTUN, 0, 0.00, -0.19, 0.000000, 0.00, 0, 0, 0, 0
ATT, 0.00, -0.88, 0.00, 0.27, 0.00, 339.70, 339.70
CTUN, 0, 0.00, -0.22, 0.000000, 0.00, 0, -1, 0, 0
ATT, 0.00, -0.88, 0.00, 0.28, 0.00, 339.71, 339.71
CTUN, 0, 0.00, -0.18, 0.000000, 0.00, 0, -1, 0, 0
ATT, 0.00, -0.88, 0.00, 0.28, 0.00, 339.71, 339.71
CTUN, 0, 0.00, -0.13, 0.000000, 0.00, 0, -2, 0, 0
ATT, 0.00, -0.88, 0.00, 0.28, 0.00, 339.73, 339.73
CTUN, 0, 0.00, -0.12, 0.000000, 0.00, 0, -3, 0, 0
ATT, 0.00, -0.88, 0.00, 0.28, 0.00, 339.75, 339.75
CTUN, 0, 0.00, -0.05, 0.000000, 0.00, 0, -4, 0, 0
ATT, 0.00, -0.88, 0.00, 0.29, 0.00, 339.76, 339.76
CTUN, 0, 0.00, -0.09, 0.000000, 0.00, 0, -4, 0, 0
ATT, 0.00, -0.88, 0.00, 0.28, 0.00, 339.76, 339.76
CTUN, 0, 0.00, -0.20, 0.000000, 0.00, 0, -5, 0, 0
ATT, 0.00, -0.88, 0.00, 0.28, 0.00, 339.78, 339.78
CTUN, 0, 0.00, -0.19, 0.000000, 0.00, 0, -5, 0, 0
ATT, 0.00, -0.88, 0.00, 0.29, 0.00, 339.79, 339.79
CTUN, 0, 0.00, -0.23, 0.000000, 0.00, 0, -5, 0, 0
ATT, 0.00, -0.88, 0.00, 0.29, 0.00, 339.80, 339.80
DU32, 7, 8792
CURR, 0, 0, 1226, 55, 4772, 0.406462
CTUN, 0, 0.00, -0.25, 0.000000, 0.00, 0, -6, 0, 0
ATT, 0.00, -0.89, 0.00, 0.29, 0.00, 339.82, 339.82
CTUN, 0, 0.00, -0.20, 0.000000, 0.00, 0, -7, 0, 0
ATT, 0.00, -0.88, 0.00, 0.29, -14.25, 339.83, 339.83
CTUN, 0, 0.00, -0.08, 0.000000, 0.00, 0, -7, 0, 0
ATT, 0.00, -0.88, 0.00, 0.28, -34.04, 339.84, 339.84
CTUN, 0, 0.00, -0.13, 0.000000, 0.00, 0, -7, 0, 0
ATT, 0.00, -0.88, 0.00, 0.29, -44.29, 339.85, 339.85
CTUN, 0, 0.00, -0.13, 0.000000, 0.00, 0, -7, 0, 0
ATT, 0.00, -0.88, 0.00, 0.28, -44.41, 339.86, 339.86
CTUN, 0, 0.00, -0.16, 0.000000, 0.00, 0, -8, 0, 0
ATT, 0.00, -0.88, 0.00, 0.28, -44.64, 339.87, 339.87
CTUN, 0, 0.00, -0.18, 0.000000, 0.00, 0, -8, 0, 0
ATT, 0.00, -0.88, 0.00, 0.29, -44.64, 339.87, 339.87
CTUN, 0, 0.00, -0.13, 0.000000, 0.00, 0, -8, 0, 0
ATT, 0.00, -0.88, 0.00, 0.29, -44.64, 339.89, 339.89
CTUN, 0, 0.00, -0.13, 0.000000, 0.00, 0, -8, 0, 0
ATT, 0.00, -0.88, 0.00, 0.28, -44.76, 339.91, 339.91
CTUN, 0, 0.00, -0.27, 0.000000, 0.00, 0, -9, 0, 0
ATT, 0.00, -0.88, 0.00, 0.29, -44.52, 339.92, 339.92
PM, 0, 0, 0, 1, 1000, 7331492, 0, 4
DU32, 7, 8792
CURR, 0, 0, 1220, 55, 4752, 0.570035
CTUN, 0, 0.00, -0.20, 0.000000, 0.00, 0, -9, 0, 0
ATT, 0.00, -0.88, 0.00, 0.29, -40.52, 339.94, 339.94
CTUN, 0, 0.00, -0.12, 0.000000, 0.00, 0, -9, 0, 0
ATT, 0.00, -0.88, 0.00, 0.29, -12.84, 339.96, 339.96
CTUN, 0, 0.00, -0.14, 0.000000, 0.00, 0, -9, 0, 0
ATT, 0.00, -0.88, 0.00, 0.29, 0.00, 339.98, 339.98
CTUN, 0, 0.00, -0.07, 0.000000, 0.00, 0, -9, 0, 0
ATT, 0.00, -0.88, 0.00, 0.29, 0.00, 339.99, 339.99
CTUN, 0, 0.00, -0.12, 0.000000, 0.00, 0, -9, 0, 0
ATT, 0.00, -0.88, 0.00, 0.29, 0.00, 340.00, 340.00
CTUN, 0, 0.00, -0.19, 0.000000, 0.00, 0, -9, 0, 0
ATT, 0.00, -0.89, 0.00, 0.30, 0.00, 340.01, 340.01
CTUN, 0, 0.00, -0.14, 0.000000, 0.00, 0, -9, 0, 0
ATT, 0.00, -0.88, 0.00, 0.30, 0.00, 340.03, 340.03
CTUN, 0, 0.00, -0.20, 0.000000, 0.00, 0, -9, 0, 0
ATT, 0.00, -0.88, 0.00, 0.30, 0.00, 340.04, 340.04
CTUN, 0, 0.00, -0.20, 0.000000, 0.00, 0, -9, 0, 0
ATT, 0.00, -0.88, 0.00, 0.30, 0.00, 340.05, 340.05
CTUN, 0, 0.00, -0.16, 0.000000, 0.00, 0, -10, 0, 0
ATT, 0.00, -0.88, 0.00, 0.30, 0.00, 340.06, 340.06
DU32, 7, 8792
CURR, 0, 0, 1225, 57, 4793, 0.731810
CTUN, 0, 0.00, -0.14, 0.000000, 0.00, 0, -10, 0, 0
ATT, 0.00, -0.88, 0.00, 0.30, 0.00, 340.07, 340.07
CTUN, 0, 0.00, -0.22, 0.000000, 0.00, 0, -10, 0, 0
ATT, 0.00, -0.88, 0.00, 0.30, 0.00, 340.08, 340.08
CTUN, 0, 0.00, -0.16, 0.000000, 0.00, 0, -10, 0, 0
ATT, 0.00, -0.88, 0.00, 0.30, 0.00, 340.10, 340.10
CTUN, 0, 0.00, -0.13, 0.000000, 0.00, 0, -9, 0, 0
ATT, 0.00, -0.88, 0.00, 0.30, 0.00, 340.12, 340.12
CTUN, 0, 0.00, -0.15, 0.000000, 0.00, 0, -9, 0, 0
ATT, 0.00, -0.88, 0.00, 0.29, 0.00, 340.13, 340.13
CTUN, 0, 0.00, -0.14, 0.000000, 0.00, 0, -9, 0, 0
ATT, 0.00, -0.88, 0.00, 0.29, 0.00, 340.15, 340.15
CTUN, 0, 0.00, -0.13, 0.000000, 0.00, 0, -9, 0, 0
ATT, 0.00, -0.89, 0.00, 0.29, -13.90, 340.16, 340.16
CTUN, 0, 0.00, -0.30, 0.000000, 0.00, 0, -9, 0, 0
ATT, 0.00, -0.89, 0.00, 0.29, -35.22, 340.17, 340.17
CTUN, 0, 0.00, -0.14, 0.000000, 0.00, 0, -9, 0, 0
ATT, 0.00, -0.89, 0.00, 0.29, -44.41, 340.18, 340.18
CTUN, 0, 0.00, -0.15, 0.000000, 0.00, 0, -9, 0, 0
ATT, 0.00, -0.89, 0.00, 0.29, -44.64, 340.20, 340.20
DU32, 7, 8792
CURR, 0, 0, 1225, 62, 4752, 0.896055
CTUN, 0, 0.00, -0.22, 0.000000, 0.00, 0, -9, 0, 0
ATT, 0.00, -0.89, 0.00, 0.30, -44.64, 340.22, 340.22
CTUN, 0, 0.00, -0.11, 0.000000, 0.00, 0, -9, 0, 0
ATT, 0.00, -0.89, 0.00, 0.29, -44.64, 340.23, 340.23
CTUN, 0, 0.00, -0.28, 0.000000, 0.00, 0, -8, 0, 0
ATT, 0.00, -0.89, 0.00, 0.30, -44.64, 340.25, 340.25
CTUN, 0, 0.00, -0.11, 0.000000, 0.00, 0, -8, 0, 0
ATT, 0.00, -0.89, 0.00, 0.30, -44.76, 340.26, 340.26
CTUN, 0, 0.00, -0.15, 0.000000, 0.00, 0, -8, 0, 0
ATT, 0.00, -0.89, 0.00, 0.30, -44.76, 340.27, 340.27
CTUN, 0, 0.00, -0.12, 0.000000, 0.00, 0, -8, 0, 0
ATT, 0.00, -0.89, 0.00, 0.30, -44.76, 340.29, 340.29
CTUN, 0, 0.00, -0.11, 0.000000, 0.00, 0, -8, 0, 0
ATT, 0.00, -0.89, 0.00, 0.30, -44.76, 340.30, 340.30
CTUN, 0, 0.00, -0.20, 0.000000, 0.00, 0, -8, 0, 0
ATT, 0.00, -0.89, 0.00, 0.30, -44.88, 340.30, 340.30
CTUN, 0, 0.00, -0.19, 0.000000, 0.00, 0, -8, 0, 0
ATT, 0.00, -0.88, 0.00, 0.30, -44.76, 340.31, 340.31
CTUN, 0, 0.00, -0.15, 0.000000, 0.00, 0, -7, 0, 0
ATT, 0.00, -0.89, 0.00, 0.30, -44.76, 340.32, 340.32
DU32, 7, 8792
CURR, 0, 0, 1219, 56, 4752, 1.058627
CTUN, 0, 0.00, -0.12, 0.000000, 0.00, 0, -7, 0, 0
ATT, 0.00, -0.89, 0.00, 0.30, -45.00, 340.34, 340.34
CTUN, 0, 0.00, -0.15, 0.000000, 0.00, 0, -7, 0, 0
ATT, 0.00, -0.89, 0.00, 0.29, -44.88, 340.34, 340.34
CTUN, 0, 0.00, -0.13, 0.000000, 0.00, 0, -7, 0, 0
ATT, 0.00, -0.89, 0.00, 0.30, -44.76, 340.36, 340.36
CTUN, 0, 0.00, -0.23, 0.000000, 0.00, 0, -7, 0, 0
ATT, 0.00, -0.88, 0.00, 0.30, -44.88, 340.36, 340.36
CTUN, 0, 0.00, -0.11, 0.000000, 0.00, 0, -7, 0, 0
ATT, 0.00, -0.89, 0.00, 0.29, -44.88, 340.37, 340.37
CTUN, 0, 0.00, -0.12, 0.000000, 0.00, 0, -7, 0, 0
ATT, 0.00, -0.89, 0.00, 0.29, -44.88, 340.39, 340.39
CTUN, 0, 0.00, -0.26, 0.000000, 0.00, 0, -6, 0, 0
ATT, 0.00, -0.89, 0.00, 0.30, -45.00, 340.40, 340.40
EV, 11
DU32, 7, 8792
DU32, 7, 8792
DU32, 7, 8792
DU32, 7, 8792
DU32, 7, 8792
DU32, 7, 8792
DU32, 7, 8792
PM, 0, 0, 0, 1, 1002, 110000, 0, 4
DU32, 7, 8792
DU32, 7, 8792
DU32, 7, 8792
DU32, 7, 8792
DU32, 7, 8792
DU32, 7, 8792
DU32, 7, 8792
DU32, 7, 8792
DU32, 7, 8792
PM, 0, 0, 0, 0, 1000, 10384, 0, 4
DU32, 7, 8792
DU32, 7, 8792
DU32, 7, 8792
DU32, 7, 8792
DU32, 7, 8792
DU32, 7, 8792
DU32, 7, 8792
DU32, 7, 8792
DU32, 7, 8792
DU32, 7, 8792
PM, 0, 0, 0, 0, 1000, 10484, 0, 4
DU32, 7, 8792
DU32, 7, 8792
DU32, 7, 8792
DU32, 7, 8792
DU32, 7, 8792
DU32, 7, 8792
DU32, 7, 8792
DU32, 7, 8792
DU32, 7, 8792
DU32, 7, 8792
PM, 0, 0, 0, 0, 1000, 10464, 0, 4
DU32, 7, 8792
DU32, 7, 8792
DU32, 7, 8792
DU32, 7, 8792
DU32, 7, 8792
DU32, 7, 8792
D32, 9, 34011
EV, 10
CTUN, 0, 0.00, -0.01, 0.000000, 0.00, 0, 2, 0, 0
ATT, 0.00, -0.88, 0.00, 0.31, 0.00, 340.10, 340.10
CTUN, 0, 0.00, -0.02, 0.000000, 0.00, 0, 1, 0, 0
ATT, 0.00, -0.88, 0.00, 0.31, 0.00, 340.11, 340.11
CTUN, 0, 0.00, -0.14, 0.000000, 0.00, 0, 1, 0, 0
ATT, 0.00, -0.88, 0.00, 0.30, 0.00, 340.12, 340.12
CTUN, 0, 0.00, 0.00, 0.000000, 0.00, 0, 1, 0, 0
ATT, 0.00, -0.89, 0.00, 0.30, 0.00, 340.14, 340.14
CTUN, 0, 0.00, -0.01, 0.000000, 0.00, 0, 1, 0, 0
ATT, 0.00, -0.89, 0.00, 0.30, 0.00, 340.16, 340.16
CTUN, 0, 0.00, -0.12, 0.000000, 0.00, 0, 1, 0, 0
ATT, 0.00, -0.88, 0.00, 0.29, 0.00, 340.17, 340.17
CTUN, 0, 0.00, -0.13, 0.000000, 0.00, 0, 1, 0, 0
ATT, 0.00, -0.89, 0.00, 0.29, 0.00, 340.18, 340.18
CTUN, 0, 0.00, -0.22, 0.000000, 0.00, 0, 1, 0, 0
ATT, 0.00, -0.89, 0.00, 0.29, 0.00, 340.19, 340.19
CTUN, 0, 0.00, -0.11, 0.000000, 0.00, 0, 1, 0, 0
ATT, 0.00, -0.89, 0.00, 0.29, 0.00, 340.19, 340.19
CTUN, 0, 0.00, -0.22, 0.000000, 0.00, 0, 1, 0, 0
DU32, 7, 8792
CURR, 0, 0, 1222, 61, 4752, 1.367475
ATT, 0.00, -0.89, 0.00, 0.29, 0.00, 340.20, 340.20
CTUN, 0, 0.00, -0.19, 0.000000, 0.00, 0, 0, 0, 0
ATT, 0.00, -0.89, 0.00, 0.29, 0.00, 340.22, 340.22
CTUN, 0, 0.00, -0.12, 0.000000, 0.00, 0, 0, 0, 0
ATT, 0.00, -0.89, 0.00, 0.28, 0.00, 340.23, 340.23
CTUN, 0, 0.00, -0.16, 0.000000, 0.00, 0, 0, 0, 0
ATT, 0.00, -0.89, 0.00, 0.29, 0.00, 340.24, 340.24
CTUN, 0, 0.00, -0.25, 0.000000, 0.00, 0, 0, 0, 0
ATT, 0.00, -0.90, 0.00, 0.28, 0.00, 340.25, 340.25
CTUN, 0, 0.00, -0.19, 0.000000, 0.00, 0, 0, 0, 0
ATT, 0.00, -0.90, 0.00, 0.28, 0.00, 340.26, 340.26
CTUN, 0, 0.00, -0.20, 0.000000, 0.00, 0, 0, 0, 0
ATT, 0.00, -0.89, 0.00, 0.27, 0.00, 340.27, 340.27
CTUN, 0, 0.00, -0.16, 0.000000, 0.00, 0, 0, 0, 0
ATT, 0.00, -0.90, 0.00, 0.28, 0.00, 340.28, 340.28
CTUN, 0, 0.00, -0.13, 0.000000, 0.00, 0, 0, 0, 0
ATT, 0.00, -0.90, 0.00, 0.27, -14.60, 340.30, 340.30
CTUN, 0, 0.00, -0.29, 0.000000, 0.00, 0, 0, 0, 0
ATT, 0.00, -0.90, 0.00, 0.27, -37.22, 340.30, 340.30
CTUN, 0, 0.00, -0.29, 0.000000, 0.00, 0, 0, 0, 0
DU32, 7, 8792
CURR, 0, 0, 1223, 59, 4752, 1.530671
ATT, 0.00, -0.90, 0.00, 0.28, -43.82, 340.31, 340.31
CTUN, 0, 0.00, -0.28, 0.000000, 0.00, 0, -1, 0, 0
ATT, 0.00, -0.90, 0.00, 0.27, -44.29, 340.31, 340.31
CTUN, 0, 0.00, -0.25, 0.000000, 0.00, 0, -1, 0, 0
ATT, 0.00, -0.90, 0.00, 0.26, -44.29, 340.32, 340.32
CTUN, 0, 0.00, -0.18, 0.000000, 0.00, 0, -1, 0, 0
ATT, 0.00, -0.90, 0.00, 0.26, -44.29, 340.33, 340.33
CTUN, 0, 0.00, -0.20, 0.000000, 0.00, 0, -1, 0, 0
ATT, 0.00, -0.90, 0.00, 0.26, -44.64, 340.33, 340.33
CTUN, 0, 0.00, -0.25, 0.000000, 0.00, 0, -1, 0, 0
ATT, 0.00, -0.90, 0.00, 0.25, -44.41, 340.34, 340.34
CTUN, 0, 0.00, -0.17, 0.000000, 0.00, 0, -2, 0, 0
ATT, 0.00, -0.90, 0.00, 0.25, -44.41, 340.36, 340.36
CTUN, 0, 0.00, -0.11, 0.000000, 0.00, 0, -2, 0, 0
ATT, 0.00, -0.91, 0.00, 0.25, -44.41, 340.37, 340.37
CTUN, 0, 0.00, -0.10, 0.000000, 0.00, 0, -2, 0, 0
ATT, 0.00, -0.91, 0.00, 0.25, -44.41, 340.38, 340.38
CTUN, 0, 0.00, -0.15, 0.000000, 0.00, 0, -2, 0, 0
ATT, 0.00, -0.90, 0.00, 0.25, -44.41, 340.38, 340.38
CTUN, 0, 0.00, -0.19, 0.000000, 0.00, 0, -2, 0, 0
DU32, 7, 8792
CURR, 0, 0, 1223, 58, 4793, 1.690410
ATT, 0.00, -0.91, 0.00, 0.25, -44.41, 340.40, 340.40
CTUN, 0, 0.00, -0.23, 0.000000, 0.00, 0, -2, 0, 0
ATT, 0.00, -0.91, 0.00, 0.25, -44.41, 340.40, 340.40
CTUN, 0, 0.00, -0.16, 0.000000, 0.00, 0, -2, 0, 0
ATT, 0.00, -0.91, 0.00, 0.24, -44.41, 340.41, 340.41
CTUN, 0, 0.00, -0.10, 0.000000, 0.00, 0, -2, 0, 0
ATT, 0.00, -0.91, 0.00, 0.24, -44.41, 340.42, 340.42
CTUN, 0, 0.00, -0.22, 0.000000, 0.00, 0, -2, 0, 0
ATT, 0.00, -0.91, 0.00, 0.24, -44.41, 340.42, 340.42
CTUN, 0, 0.00, -0.13, 0.000000, 0.00, 0, -2, 0, 0
ATT, 0.00, -0.92, 0.00, 0.24, -44.41, 340.43, 340.43
CTUN, 0, 0.00, -0.18, 0.000000, 0.00, 0, -2, 0, 0
ATT, 0.00, -0.91, 0.00, 0.24, -44.52, 340.44, 340.44
CTUN, 0, 0.00, -0.17, 0.000000, 0.00, 0, -2, 0, 0
ATT, 0.00, -0.92, 0.00, 0.24, -44.52, 340.45, 340.45
CTUN, 0, 0.00, -0.13, 0.000000, 0.00, 0, -2, 0, 0
ATT, 0.00, -0.92, 0.00, 0.24, -44.41, 340.46, 340.46
EV, 11
DU32, 7, 8792
PM, 0, 0, 0, 2, 1000, 2059964, 0, 4
DU32, 7, 8792
DU32, 7, 8792
DU32, 7, 8792
DU32, 7, 8792
DU32, 7, 8792
DU32, 7, 8792
DU32, 7, 8792
DU32, 7, 8792
DU32, 7, 8792
DU32, 7, 8792
PM, 0, 0, 0, 0, 1000, 10488, 0, 4
DU32, 7, 8792
DU32, 7, 8792
DU32, 7, 8792
DU32, 7, 8792
DU32, 7, 8792
DU32, 7, 8792
DU32, 7, 8792
DU32, 7, 8792
DU32, 7, 8792
DU32, 7, 8792
PM, 0, 0, 0, 0, 1000, 10420, 0, 4
DU32, 7, 8792
DU32, 7, 8792
DU32, 7, 8792
DU32, 7, 8792
DU32, 7, 8792
DU32, 7, 8792
DU32, 7, 8792
DU32, 7, 8792
DU32, 7, 8792
DU32, 7, 8792
PM, 0, 0, 0, 0, 1002, 10476, 0, 4
DU32, 7, 8792
DU32, 7, 8792
DU32, 7, 8792
DU32, 7, 8792
DU32, 7, 8792
DU32, 7, 8792
DU32, 7, 8792
DU32, 7, 8792
DU32, 7, 8792
DU32, 7, 8792
PM, 0, 0, 0, 0, 1000, 10412, 0, 4
DU32, 7, 8792
DU32, 7, 8792
DU32, 7, 8792
DU32, 7, 8792
DU32, 7, 8792
DU32, 7, 8792
DU32, 7, 8792
DU32, 7, 8792
DU32, 7, 8792
DU32, 7, 8792
PM, 0, 0, 0, 0, 1000, 10436, 0, 4
DU32, 7, 8792
DU32, 7, 8792
DU32, 7, 8792
DU32, 7, 8792
DU32, 7, 8792
DU32, 7, 8792
DU32, 7, 8792
DU32, 7, 8792
DU32, 7, 8792
DU32, 7, 8792
PM, 0, 0, 0, 0, 1000, 10452, 0, 4
DU32, 7, 8792
DU32, 7, 8792
DU32, 7, 8792
DU32, 7, 8792
DU32, 7, 8792
DU32, 7, 8792
DU32, 7, 8792
DU32, 7, 8792
DU32, 7, 8792
DU32, 7, 8792
PM, 0, 0, 0, 0, 1000, 10420, 0, 4
DU32, 7, 8792
DU32, 7, 8792
DU32, 7, 8792
DU32, 7, 8792
DU32, 7, 8792
DU32, 7, 8792
DU32, 7, 8792
DU32, 7, 8792
DU32, 7, 8792
DU32, 7, 8792
PM, 0, 0, 0, 0, 1000, 10456, 0, 4
DU32, 7, 8792
DU32, 7, 8792
DU32, 7, 8792
DU32, 7, 8792
DU32, 7, 8792
DU32, 7, 8792
DU32, 7, 8792
DU32, 7, 8792
DU32, 7, 8792
DU32, 7, 8792
PM, 0, 0, 0, 0, 1000, 10444, 0, 4
DU32, 7, 8792
logs enabled:  ATTITUDE_MED GPS PM CTUN NTUN CMD CURRENT

10 logs
Log 1,    start 1,   end 756
Log 2,    start 757,   end 1455
Log 3,    start 1456,   end 1476
Log 4,    start 1477,   end 1809
Log 5,    start 1810,   end 2193
Log 6,    start 2194,   end 2872
Log 7,    start 2873,   end 3313
Log 8,    start 3314,   end 3597
Log 9,    start 3598,   end 3617
Log 10,    start 3618,   end 3646

Log] 