dump 9

ArduCopter V3.1-rc3.1
Free RAM: 1138
APM 2
FMT, 128, 89, FMT, BBnNZ, Type,Length,Name,Format
FMT, 129, 23, PARM, Nf, Name,Value
FMT, 130, 35, GPS, BIBcLLeeEe, Status,Time,NSats,HDop,Lat,Lng,RelAlt,Alt,Spd,GCrs
FMT, 131, 27, IMU, ffffff, GyrX,GyrY,GyrZ,AccX,AccY,AccZ
FMT, 132, 67, MSG, Z, Message
FMT, 9, 19, CURR, hIhhhf, Thr,ThrInt,Volt,Curr,Vcc,CurrTot
FMT, 11, 11, MOT, hhhh, Mot1,Mot2,Mot3,Mot4
FMT, 12, 28, OF, hhBccffee, Dx,Dy,SQual,X,Y,Lat,Lng,Roll,Pitch
FMT, 5, 49, NTUN, Ecffffffffee, WPDst,WPBrg,PErX,PErY,DVelX,DVelY,VelX,VelY,DAcX,DAcY,DRol,DPit
FMT, 4, 25, CTUN, hcefchhhh, ThrIn,SonAlt,BarAlt,WPAlt,DesSonAlt,AngBst,CRate,ThrOut,DCRate
FMT, 15, 21, MAG, hhhhhhhhh, MagX,MagY,MagZ,OfsX,OfsY,OfsZ,MOfsX,MOfsY,MOfsZ
FMT, 6, 17, PM, BBBHHIhB, RenCnt,RenBlw,FixCnt,NLon,NLoop,MaxT,PMT,I2CErr
FMT, 8, 20, CMD, BBBBBeLL, CTot,CNum,CId,COpt,Prm1,Alt,Lat,Lng
FMT, 1, 17, ATT, cccccCC, RollIn,Roll,PitchIn,Pitch,YawIn,Yaw,NavYaw
FMT, 17, 37, INAV, cccfffiiff, BAlt,IAlt,IClb,ACorrX,ACorrY,ACorrZ,GLat,GLng,ILat,ILng
FMT, 3, 6, MODE, Mh, Mode,ThrCrs
FMT, 10, 3, STRT, , 
FMT, 13, 4, EV, B, Id
FMT, 20, 6, D16, Bh, Id,Value
FMT, 21, 6, DU16, BH, Id,Value
FMT, 22, 8, D32, Bi, Id,Value
FMT, 23, 8, DU32, BI, Id,Value
FMT, 24, 8, DFLT, Bf, Id,Value
FMT, 14, 28, PID, Biiiiif, Id,Error,P,I,D,Out,Gain
FMT, 18, 25, CAM, ILLeccC, GPSTime,Lat,Lng,Alt,Roll,Pitch,Yaw
FMT, 19, 5, ERR, BB, Subsys,ECode
PARM, SYSID_SW_MREV, 120.0000
PARM, SYSID_SW_TYPE, 10.00000
PARM, SYSID_THISMAV, 1.000000
PARM, SYSID_MYGCS, 255.0000
PARM, SERIAL3_BAUD, 57.00000
PARM, TELEM_DELAY, 0.000000
PARM, RTL_ALT, 1500.000
PARM, SONAR_ENABLE, 0.000000
PARM, SONAR_TYPE, 3.000000
PARM, SONAR_GAIN, 2.000000
PARM, FS_BATT_ENABLE, 0.000000
PARM, FS_BATT_VOLTAGE, 10.00000
PARM, FS_BATT_MAH, 0.000000
PARM, FS_GPS_ENABLE, 1.000000
PARM, FS_GCS_ENABLE, 0.000000
PARM, GPS_HDOP_GOOD, 200.0000
PARM, MAG_ENABLE, 1.000000
PARM, FLOW_ENABLE, 0.000000
PARM, SUPER_SIMPLE, 0.000000
PARM, RTL_ALT_FINAL, 0.000000
PARM, RSSI_PIN, -1.000000
PARM, WP_YAW_BEHAVIOR, 2.000000
PARM, WP_TOTAL, 1.000000
PARM, WP_INDEX, 0.000000
PARM, CIRCLE_RADIUS, 5.000000
PARM, CIRCLE_RATE, 20.00000
PARM, RTL_LOIT_TIME, 5000.000
PARM, LAND_SPEED, 50.00000
PARM, PILOT_VELZ_MAX, 250.0000
PARM, THR_MIN, 130.0000
PARM, THR_MAX, 1000.000
PARM, FS_THR_ENABLE, 0.000000
PARM, FS_THR_VALUE, 1000.000
PARM, TRIM_THROTTLE, 668.0000
PARM, THR_MID, 500.0000
PARM, FLTMODE1, 0.000000
PARM, FLTMODE2, 0.000000
PARM, FLTMODE3, 2.000000
PARM, FLTMODE4, 7.000000
PARM, FLTMODE5, 5.000000
PARM, FLTMODE6, 6.000000
PARM, SIMPLE, 0.000000
PARM, LOG_BITMASK, 830.0000
PARM, TOY_RATE, 1.000000
PARM, ESC, 0.000000
PARM, TUNE, 0.000000
PARM, TUNE_LOW, 0.000000
PARM, TUNE_HIGH, 1000.000
PARM, FRAME, 1.000000
PARM, CH7_OPT, 3.000000
PARM, CH8_OPT, 0.000000
PARM, ARMING_CHECK, 1.000000
PARM, ANGLE_MAX, 4500.000
PARM, RC1_MIN, 1055.000
PARM, RC1_TRIM, 1472.000
PARM, RC1_MAX, 1892.000
PARM, RC1_REV, 1.000000
PARM, RC1_DZ, 30.00000
PARM, RC2_MIN, 1075.000
PARM, RC2_TRIM, 1476.000
PARM, RC2_MAX, 1890.000
PARM, RC2_REV, 1.000000
PARM, RC2_DZ, 30.00000
PARM, RC3_MIN, 1055.000
PARM, RC3_TRIM, 1058.000
PARM, RC3_MAX, 1895.000
PARM, RC3_REV, 1.000000
PARM, RC3_DZ, 30.00000
PARM, RC4_MIN, 1058.000
PARM, RC4_TRIM, 1480.000
PARM, RC4_MAX, 1895.000
PARM, RC4_REV, 1.000000
PARM, RC4_DZ, 40.00000
PARM, RC5_MIN, 1165.000
PARM, RC5_TRIM, 1167.000
PARM, RC5_MAX, 1803.000
PARM, RC5_REV, 1.000000
PARM, RC5_DZ, 0.000000
PARM, RC5_FUNCTION, 0.000000
PARM, RC6_MIN, 1057.000
PARM, RC6_TRIM, 1546.000
PARM, RC6_MAX, 1895.000
PARM, RC6_REV, 1.000000
PARM, RC6_DZ, 0.000000
PARM, RC6_FUNCTION, 0.000000
PARM, RC7_MIN, 1056.000
PARM, RC7_TRIM, 1058.000
PARM, RC7_MAX, 1895.000
PARM, RC7_REV, 1.000000
PARM, RC7_DZ, 0.000000
PARM, RC7_FUNCTION, 0.000000
PARM, RC8_MIN, 1495.000
PARM, RC8_TRIM, 1496.000
PARM, RC8_MAX, 1497.000
PARM, RC8_REV, 1.000000
PARM, RC8_DZ, 0.000000
PARM, RC8_FUNCTION, 0.000000
PARM, RC10_MIN, 1100.000
PARM, RC10_TRIM, 1500.000
PARM, RC10_MAX, 1900.000
PARM, RC10_REV, 1.000000
PARM, RC10_DZ, 0.000000
PARM, RC10_FUNCTION, 0.000000
PARM, RC11_MIN, 1100.000
PARM, RC11_TRIM, 1500.000
PARM, RC11_MAX, 1900.000
PARM, RC11_REV, 1.000000
PARM, RC11_DZ, 0.000000
PARM, RC11_FUNCTION, 0.000000
PARM, RC_SPEED, 490.0000
PARM, ACRO_RP_P, 4.500000
PARM, ACRO_YAW_P, 4.500000
PARM, ACRO_BAL_ROLL, 1.000000
PARM, ACRO_BAL_PITCH, 1.000000
PARM, ACRO_TRAINER, 2.000000
PARM, LED_MODE, 31.00000
PARM, RATE_RLL_P, 0.150000
PARM, RATE_RLL_I, 0.150000
PARM, RATE_RLL_D, 0.004000
PARM, RATE_RLL_IMAX, 500.0000
PARM, RATE_PIT_P, 0.150000
PARM, RATE_PIT_I, 0.150000
PARM, RATE_PIT_D, 0.004000
PARM, RATE_PIT_IMAX, 500.0000
PARM, RATE_YAW_P, 0.200000
PARM, RATE_YAW_I, 0.020000
PARM, RATE_YAW_D, 0.000000
PARM, RATE_YAW_IMAX, 800.0000
PARM, LOITER_LAT_P, 1.000000
PARM, LOITER_LAT_I, 0.500000
PARM, LOITER_LAT_D, 0.000000
PARM, LOITER_LAT_IMAX, 400.0000
PARM, LOITER_LON_P, 1.000000
PARM, LOITER_LON_I, 0.500000
PARM, LOITER_LON_D, 0.000000
PARM, LOITER_LON_IMAX, 400.0000
PARM, THR_RATE_P, 6.000000
PARM, THR_RATE_I, 0.000000
PARM, THR_RATE_D, 0.000000
PARM, THR_RATE_IMAX, 300.0000
PARM, THR_ACCEL_P, 0.750000
PARM, THR_ACCEL_I, 1.500000
PARM, THR_ACCEL_D, 0.000000
PARM, THR_ACCEL_IMAX, 500.0000
PARM, OF_RLL_P, 2.500000
PARM, OF_RLL_I, 0.500000
PARM, OF_RLL_D, 0.120000
PARM, OF_RLL_IMAX, 100.0000
PARM, OF_PIT_P, 2.500000
PARM, OF_PIT_I, 0.500000
PARM, OF_PIT_D, 0.120000
PARM, OF_PIT_IMAX, 100.0000
PARM, STB_RLL_P, 4.500000
PARM, STB_RLL_I, 0.000000
PARM, STB_RLL_IMAX, 0.000000
PARM, STB_PIT_P, 4.500000
PARM, STB_PIT_I, 0.000000
PARM, STB_PIT_IMAX, 0.000000
PARM, STB_YAW_P, 4.500000
PARM, STB_YAW_I, 0.000000
PARM, STB_YAW_IMAX, 0.000000
PARM, THR_ALT_P, 1.000000
PARM, THR_ALT_I, 0.000000
PARM, THR_ALT_IMAX, 300.0000
PARM, HLD_LAT_P, 1.000000
PARM, HLD_LAT_I, 0.000000
PARM, HLD_LAT_IMAX, 0.000000
PARM, HLD_LON_P, 1.000000
PARM, HLD_LON_I, 0.000000
PARM, HLD_LON_IMAX, 0.000000
PARM, CAM_TRIGG_TYPE, 0.000000
PARM, CAM_DURATION, 10.00000
PARM, CAM_SERVO_ON, 1300.000
PARM, CAM_SERVO_OFF, 1100.000
PARM, CAM_TRIGG_DIST, 0.000000
PARM, RELAY_PIN, 13.00000
PARM, COMPASS_OFS_X, -277.7856
PARM, COMPASS_OFS_Y, 77.27390
PARM, COMPASS_OFS_Z, -69.80834
PARM, COMPASS_DEC, 0.215125
PARM, COMPASS_LEARN, 0.000000
PARM, COMPASS_USE, 1.000000
PARM, COMPASS_AUTODEC, 1.000000
PARM, COMPASS_MOTCT, 2.000000
PARM, COMPASS_MOT_X, -0.726690
PARM, COMPASS_MOT_Y, 2.095301
PARM, COMPASS_MOT_Z, 0.026462
PARM, COMPASS_ORIENT, 0.000000
PARM, COMPASS_EXTERNAL, 0.000000
PARM, INS_PRODUCT_ID, 88.00000
PARM, INS_ACCSCAL_X, 0.995403
PARM, INS_ACCSCAL_Y, 0.993628
PARM, INS_ACCSCAL_Z, 0.984109
PARM, INS_ACCOFFS_X, 0.057026
PARM, INS_ACCOFFS_Y, 0.074172
PARM, INS_ACCOFFS_Z, 0.825796
PARM, INS_GYROFFS_X, -0.077644
PARM, INS_GYROFFS_Y, -0.058595
PARM, INS_GYROFFS_Z, -0.000949
PARM, INS_MPU6K_FILTER, 0.000000
PARM, INAV_TC_XY, 2.500000
PARM, INAV_TC_Z, 5.000000
PARM, WPNAV_SPEED, 500.0000
PARM, WPNAV_RADIUS, 200.0000
PARM, WPNAV_SPEED_UP, 250.0000
PARM, WPNAV_SPEED_DN, 150.0000
PARM, WPNAV_LOIT_SPEED, 500.0000
PARM, WPNAV_ACCEL, 100.0000
PARM, SR0_RAW_SENS, 0.000000
PARM, SR0_EXT_STAT, 0.000000
PARM, SR0_RC_CHAN, 0.000000
PARM, SR0_RAW_CTRL, 0.000000
PARM, SR0_POSITION, 0.000000
PARM, SR0_EXTRA1, 0.000000
PARM, SR0_EXTRA2, 0.000000
PARM, SR0_EXTRA3, 0.000000
PARM, SR0_PARAMS, 0.000000
PARM, SR3_RAW_SENS, 0.000000
PARM, SR3_EXT_STAT, 0.000000
PARM, SR3_RC_CHAN, 0.000000
PARM, SR3_RAW_CTRL, 0.000000
PARM, SR3_POSITION, 0.000000
PARM, SR3_EXTRA1, 0.000000
PARM, SR3_EXTRA2, 0.000000
PARM, SR3_EXTRA3, 0.000000
PARM, SR3_PARAMS, 0.000000
PARM, AHRS_GPS_GAIN, 1.000000
PARM, AHRS_GPS_USE, 1.000000
PARM, AHRS_YAW_P, 0.100000
PARM, AHRS_RP_P, 0.100000
PARM, AHRS_WIND_MAX, 0.000000
PARM, AHRS_TRIM_X, 0.013292
PARM, AHRS_TRIM_Y, 0.001615
PARM, AHRS_TRIM_Z, 0.000000
PARM, AHRS_ORIENTATION, 0.000000
PARM, AHRS_COMP_BETA, 0.100000
PARM, AHRS_GPS_MINSATS, 6.000000
PARM, MNT_MODE, 0.000000
PARM, MNT_RETRACT_X, 0.000000
PARM, MNT_RETRACT_Y, 0.000000
PARM, MNT_RETRACT_Z, 0.000000
PARM, MNT_NEUTRAL_X, 0.000000
PARM, MNT_NEUTRAL_Y, 0.000000
PARM, MNT_NEUTRAL_Z, 0.000000
PARM, MNT_CONTROL_X, 0.000000
PARM, MNT_CONTROL_Y, 0.000000
PARM, MNT_CONTROL_Z, 0.000000
PARM, MNT_STAB_ROLL, 0.000000
PARM, MNT_STAB_TILT, 0.000000
PARM, MNT_STAB_PAN, 0.000000
PARM, MNT_RC_IN_ROLL, 0.000000
PARM, MNT_ANGMIN_ROL, -4500.000
PARM, MNT_ANGMAX_ROL, 4500.000
PARM, MNT_RC_IN_TILT, 0.000000
PARM, MNT_ANGMIN_TIL, -4500.000
PARM, MNT_ANGMAX_TIL, 4500.000
PARM, MNT_RC_IN_PAN, 0.000000
PARM, MNT_ANGMIN_PAN, -4500.000
PARM, MNT_ANGMAX_PAN, 4500.000
PARM, MNT_JSTICK_SPD, 0.000000
PARM, BATT_MONITOR, 4.000000
PARM, BATT_VOLT_PIN, 13.00000
PARM, BATT_CURR_PIN, 12.00000
PARM, BATT_VOLT_MULT, 10.10000
PARM, BATT_AMP_PERVOLT, 17.00000
PARM, BATT_AMP_OFFSET, 0.000000
PARM, BATT_CAPACITY, 3300.000
PARM, GND_ABS_PRESS, 100652.3
PARM, GND_TEMP, 26.88753
PARM, GND_ALT_OFFSET, 0.000000
PARM, SCHED_DEBUG, 0.000000
PARM, FENCE_ENABLE, 0.000000
PARM, FENCE_TYPE, 3.000000
PARM, FENCE_ACTION, 1.000000
PARM, FENCE_ALT_MAX, 30.00000
PARM, FENCE_RADIUS, 50.00000
PARM, FENCE_MARGIN, 2.000000
PARM, GPSGLITCH_ENABLE, 1.000000
PARM, GPSGLITCH_RADIUS, 1000.000
PARM, GPSGLITCH_ACCEL, 1000.000
PARM, MOT_TCRV_ENABLE, 1.000000
PARM, MOT_TCRV_MIDPCT, 52.00000
PARM, MOT_TCRV_MAXPCT, 93.00000
PARM, MOT_SPIN_ARMED, 30.00000
PARM, RCMAP_ROLL, 1.000000
PARM, RCMAP_PITCH, 2.000000
PARM, RCMAP_THROTTLE, 3.000000
PARM, RCMAP_YAW, 4.000000
D32, 9, 25921
EV, 18
EV, 10
ERR, 7, 1
EV, 28
CTUN, 0, 0.00, 0.00, 0.000000, 0.00, 0, 64, 0, 0
ATT, 0.00, -0.58, 0.00, -0.68, 0.00, 259.24, 259.24
CTUN, 0, 0.00, -0.04, 0.000000, 0.00, 0, 64, 0, 0
ATT, 0.00, -0.57, 0.00, -0.66, 0.00, 259.19, 259.19
CTUN, 0, 0.00, 0.00, 0.000000, 0.00, 0, 64, 0, 0
ATT, 0.00, -0.57, 0.00, -0.66, 0.00, 259.14, 259.14
CTUN, 0, 0.00, 0.00, 0.000000, 0.00, 0, 64, 0, 0
ATT, 0.00, -0.57, 0.00, -0.65, 0.00, 259.17, 259.17
CTUN, 0, 0.00, 0.02, 0.000000, 0.00, 0, 63, 0, 0
ATT, 0.00, -0.57, 0.00, -0.64, 0.00, 259.14, 259.14
CTUN, 0, 0.00, -0.04, 0.000000, 0.00, 0, 63, 0, 0
ATT, 0.00, -0.55, 0.00, -0.64, 0.00, 259.11, 259.11
CTUN, 0, 0.00, -0.04, 0.000000, 0.00, 0, 63, 0, 0
ATT, 0.00, -0.54, 0.00, -0.65, 0.00, 259.09, 259.09
CTUN, 0, 0.00, -0.10, 0.000000, 0.00, 0, 62, 0, 0
ATT, 0.00, -0.55, 0.00, -0.65, 0.00, 259.09, 259.09
CTUN, 0, 0.00, -0.17, 0.000000, 0.00, 0, 62, 0, 0
ATT, 0.00, -0.55, 0.00, -0.65, 0.00, 259.06, 259.06
CTUN, 0, 0.00, -0.06, 0.000000, 0.00, 0, 62, 0, 0
DU32, 7, 8280
CURR, 0, 0, 1230, 60, 4732, 0.173305
ATT, 0.00, -0.54, 0.00, -0.64, 0.00, 259.04, 259.04
CTUN, 0, 0.00, -0.19, 0.000000, 0.00, 0, 61, 0, 0
ATT, 0.00, -0.54, 0.00, -0.65, 0.00, 259.02, 259.02
CTUN, 0, 0.00, -0.20, 0.000000, 0.00, 0, 61, 0, 0
ATT, 0.00, -0.55, 0.00, -0.65, 0.00, 259.01, 259.01
CTUN, 0, 0.00, -0.26, 0.000000, 0.00, 0, 60, 0, 0
ATT, 0.00, -0.54, 0.00, -0.65, 0.00, 258.99, 258.99
CTUN, 0, 0.00, -0.16, 0.000000, 0.00, 0, 60, 0, 0
ATT, 0.00, -0.54, 0.00, -0.65, 0.00, 258.98, 258.98
CTUN, 0, 0.00, -0.11, 0.000000, 0.00, 0, 59, 0, 0
ATT, 0.00, -0.54, 0.00, -0.64, -2.35, 258.97, 258.97
CTUN, 0, 0.00, -0.21, 0.000000, 0.00, 0, 59, 0, 0
ATT, 0.00, -0.54, 0.00, -0.64, -17.90, 258.94, 258.94
CTUN, 0, 0.00, -0.19, 0.000000, 0.00, 0, 58, 0, 0
ATT, 0.00, -0.54, 0.00, -0.65, -36.28, 258.92, 258.92
CTUN, 0, 0.00, -0.16, 0.000000, 0.00, 0, 58, 0, 0
ATT, 0.00, -0.54, 0.00, -0.64, -44.41, 258.90, 258.90
CTUN, 0, 0.00, -0.12, 0.000000, 0.00, 0, 57, 0, 0
ATT, 0.00, -0.54, 0.00, -0.64, -44.88, 258.88, 258.88
CTUN, 0, 0.00, -0.05, 0.000000, 0.00, 0, 57, 0, 0
DU32, 7, 8280
CURR, 0, 0, 1230, 57, 4693, 0.338586
ATT, 0.00, -0.54, 0.00, -0.64, -44.88, 258.86, 258.86
CTUN, 0, 0.00, -0.14, 0.000000, 0.00, 0, 56, 0, 0
ATT, 0.00, -0.54, 0.00, -0.64, -44.88, 258.85, 258.85
CTUN, 0, 0.00, -0.10, 0.000000, 0.00, 0, 56, 0, 0
ATT, 0.00, -0.54, 0.00, -0.64, -45.00, 258.84, 258.84
CTUN, 0, 0.00, -0.29, 0.000000, 0.00, 0, 55, 0, 0
ATT, 0.00, -0.54, 0.00, -0.64, -44.76, 258.82, 258.82
CTUN, 0, 0.00, -0.19, 0.000000, 0.00, 0, 55, 0, 0
ATT, 0.00, -0.54, 0.00, -0.64, -45.00, 258.80, 258.80
CTUN, 0, 0.00, -0.17, 0.000000, 0.00, 0, 54, 0, 0
ATT, 0.00, -0.54, 0.00, -0.65, -45.00, 258.80, 258.80
CTUN, 0, 0.00, -0.20, 0.000000, 0.00, 0, 54, 0, 0
ATT, 0.00, -0.54, 0.00, -0.64, -45.00, 258.78, 258.78
CTUN, 0, 0.00, -0.17, 0.000000, 0.00, 0, 53, 0, 0
ATT, 0.00, -0.54, 0.00, -0.64, -45.00, 258.77, 258.77
CTUN, 0, 0.00, -0.12, 0.000000, 0.00, 0, 53, 0, 0
ATT, 0.00, -0.54, 0.00, -0.65, -45.00, 258.77, 258.77
CTUN, 0, 0.00, -0.16, 0.000000, 0.00, 0, 52, 0, 0
ATT, 0.00, -0.54, 0.00, -0.64, -45.00, 258.76, 258.76
CTUN, 0, 0.00, -0.15, 0.000000, 0.00, 0, 52, 0, 0
DU32, 7, 8280
CURR, 0, 0, 1224, 59, 4712, 0.507003
ATT, 0.00, -0.54, 0.00, -0.64, -44.88, 258.74, 258.74
CTUN, 0, 0.00, -0.20, 0.000000, 0.00, 0, 51, 0, 0
ATT, 0.00, -0.55, 0.00, -0.64, -45.00, 258.74, 258.74
CTUN, 0, 0.00, -0.23, 0.000000, 0.00, 0, 50, 0, 0
ATT, 0.00, -0.54, 0.00, -0.64, -45.00, 258.72, 258.72
CTUN, 0, 0.00, -0.21, 0.000000, 0.00, 0, 50, 0, 0
ATT, 0.00, -0.54, 0.00, -0.64, -45.00, 258.71, 258.71
CTUN, 0, 0.00, -0.14, 0.000000, 0.00, 0, 49, 0, 0
ATT, 0.00, -0.55, 0.00, -0.64, -45.00, 258.70, 258.70
CTUN, 0, 0.00, -2.14e+07, 2.079846e+08, 0.84, 16962, 20078, 90, 0
logs enabled:  ATTITUDE_MED GPS PM CTUN NTUN CMD CURRENT

10 logs
Log 1,    start 1,   end 756
Log 2,    start 757,   end 1455
Log 3,    start 1456,   end 1476
Log 4,    start 1477,   end 1809
Log 5,    start 1810,   end 2193
Log 6,    start 2194,   end 2872
Log 7,    start 2873,   end 3313
Log 8,    start 3314,   end 3597
Log 9,    start 3598,   end 3617
Log 10,    start 3618,   end 3646

Log] 